SF:lib\data\custom_exception.dart
DA:4,1
DA:6,0
DA:8,0
LF:3
LH:1
end_of_record
SF:lib\data\providers\restaurant_provider.dart
DA:9,6
DA:10,2
DA:13,2
DA:15,4
DA:16,10
DA:18,1
DA:19,2
DA:23,2
DA:24,4
DA:26,3
DA:29,4
DA:30,10
DA:32,1
DA:33,2
DA:38,4
DA:39,2
DA:40,2
DA:41,4
LF:18
LH:18
end_of_record
SF:lib\data\model\restaurant.dart
DA:20,2
DA:31,0
DA:32,0
DA:34,0
LF:4
LH:1
end_of_record
SF:lib\data\model\restaurant.g.dart
DA:9,0
DA:10,0
DA:11,0
DA:12,0
DA:13,0
DA:14,0
DA:15,0
DA:16,0
DA:17,0
DA:19,0
DA:20,0
DA:21,0
DA:22,0
DA:26,0
DA:27,0
DA:28,0
DA:29,0
DA:30,0
DA:31,0
DA:32,0
DA:33,0
DA:34,0
DA:36,0
LF:23
LH:0
end_of_record
SF:lib\data\repositories\restaurant_repository.dart
DA:10,0
DA:12,0
DA:13,0
DA:16,0
DA:18,0
DA:20,0
DA:21,0
DA:22,0
DA:26,0
DA:28,0
DA:29,0
DA:32,0
DA:34,0
DA:36,0
DA:37,0
DA:38,0
DA:42,0
DA:44,0
DA:45,0
DA:48,0
DA:50,0
DA:52,0
DA:53,0
DA:54,0
DA:58,0
DA:61,0
DA:65,0
DA:71,0
DA:72,0
DA:76,0
DA:77,0
DA:82,4
DA:83,2
LF:33
LH:2
end_of_record
SF:lib\data\model\drink.dart
DA:9,0
DA:11,0
DA:13,0
LF:3
LH:0
end_of_record
SF:lib\data\model\drink.g.dart
DA:9,0
DA:10,0
DA:11,0
DA:15,0
DA:16,0
LF:5
LH:0
end_of_record
SF:lib\data\model\food.dart
DA:9,0
DA:11,0
DA:13,0
LF:3
LH:0
end_of_record
SF:lib\data\model\food.g.dart
DA:9,0
DA:10,0
DA:11,0
DA:15,0
DA:16,0
LF:5
LH:0
end_of_record
SF:lib\data\model\menu.dart
DA:13,0
DA:18,0
DA:20,0
LF:3
LH:0
end_of_record
SF:lib\data\model\menu.g.dart
DA:9,0
DA:10,0
DA:11,0
DA:12,0
DA:13,0
DA:14,0
DA:15,0
DA:16,0
DA:20,0
DA:21,0
DA:22,0
LF:11
LH:0
end_of_record
SF:lib\data\model\review.dart
DA:11,0
DA:13,0
DA:15,0
LF:3
LH:0
end_of_record
SF:lib\data\model\review.g.dart
DA:9,0
DA:10,0
DA:11,0
DA:12,0
DA:13,0
DA:17,0
DA:18,0
DA:19,0
DA:20,0
LF:9
LH:0
end_of_record
SF:lib\ui\pages\home\home_page.dart
DA:11,1
DA:13,1
DA:14,1
DA:19,1
DA:20,1
DA:22,0
DA:23,0
DA:25,1
DA:26,0
DA:28,0
DA:29,0
DA:31,1
DA:32,1
DA:33,1
DA:34,1
DA:36,3
DA:40,1
DA:41,1
DA:51,1
DA:52,1
DA:53,1
DA:54,2
DA:56,1
DA:57,2
DA:58,1
DA:60,1
DA:62,1
DA:63,2
DA:65,2
DA:67,0
DA:69,0
DA:70,0
LF:32
LH:24
end_of_record
SF:lib\ui\pages\home\widgets\app_bar.dart
DA:10,1
DA:18,1
DA:21,1
DA:22,2
DA:23,1
DA:24,1
DA:26,1
DA:29,1
DA:30,1
DA:31,1
DA:32,1
DA:38,1
DA:39,1
DA:40,4
DA:43,1
DA:44,1
DA:45,1
DA:46,1
DA:48,1
DA:50,1
DA:52,1
DA:53,1
DA:55,1
DA:56,1
DA:58,3
DA:60,1
DA:62,4
DA:67,1
DA:69,3
DA:73,1
DA:75,2
DA:84,1
DA:85,3
DA:86,4
DA:90,1
DA:91,1
DA:95,1
DA:96,2
DA:97,1
DA:98,1
DA:99,1
DA:100,1
DA:102,1
DA:106,1
DA:113,1
DA:114,1
DA:116,1
DA:117,1
DA:118,3
DA:119,1
DA:128,1
DA:129,1
DA:131,1
DA:132,5
DA:134,0
DA:136,0
LF:56
LH:54
end_of_record
SF:lib\ui\pages\home\widgets\restaurant_list.dart
DA:7,1
DA:10,1
DA:14,1
DA:16,1
DA:19,1
DA:20,2
DA:21,2
DA:22,2
LF:8
LH:8
end_of_record
SF:lib\data\providers\restaurant_detail_provider.dart
DA:6,0
DA:15,0
DA:16,0
DA:19,0
DA:21,0
DA:22,0
DA:24,0
DA:25,0
DA:29,0
DA:31,0
DA:32,0
DA:33,0
DA:34,0
LF:13
LH:0
end_of_record
SF:lib\ui\pages\home\widgets\restaurant_list_item.dart
DA:10,1
DA:14,1
DA:16,1
DA:17,0
DA:18,0
DA:19,0
DA:20,0
DA:21,0
DA:25,1
DA:27,1
DA:28,1
DA:29,2
DA:30,0
DA:31,0
DA:32,0
DA:33,0
DA:34,0
DA:35,0
DA:36,0
DA:37,0
DA:38,0
DA:43,0
DA:45,1
DA:46,1
DA:47,1
DA:48,1
DA:51,1
DA:52,1
DA:54,1
DA:55,1
DA:56,2
DA:59,4
DA:64,2
DA:67,1
DA:68,1
DA:70,1
DA:71,1
DA:72,1
DA:76,1
DA:77,3
DA:81,1
DA:82,1
DA:83,1
DA:84,2
DA:87,1
DA:105,1
DA:108,1
DA:109,3
DA:110,0
DA:111,3
DA:112,0
DA:114,1
DA:121,1
DA:123,1
DA:124,1
DA:125,1
DA:128,1
DA:130,1
DA:131,1
DA:132,2
DA:133,1
DA:134,1
LF:62
LH:45
end_of_record
SF:lib\ui\pages\restaurant_detail\restaurant_detail_page.dart
DA:14,0
DA:16,0
DA:19,0
DA:21,0
DA:22,0
DA:24,0
DA:25,0
DA:27,0
DA:28,0
DA:29,0
DA:30,0
DA:31,0
DA:38,0
DA:39,0
DA:40,0
DA:41,0
DA:42,0
DA:43,0
DA:44,0
DA:45,0
DA:50,0
DA:55,0
DA:57,0
DA:58,0
DA:59,0
DA:60,0
DA:61,0
DA:62,0
DA:67,0
DA:72,0
DA:73,0
DA:75,0
DA:77,0
DA:78,0
DA:81,0
DA:82,0
DA:83,0
DA:84,0
DA:85,0
DA:89,0
DA:92,0
DA:94,0
DA:95,0
DA:96,0
DA:100,0
DA:101,0
DA:105,0
DA:106,0
DA:107,0
DA:109,0
DA:110,0
DA:113,0
DA:114,0
DA:115,0
DA:117,0
DA:118,0
DA:119,0
DA:123,0
DA:125,0
DA:127,0
DA:130,0
DA:131,0
DA:132,0
DA:134,0
DA:135,0
DA:136,0
DA:140,0
DA:142,0
DA:143,0
DA:144,0
DA:145,0
DA:147,0
DA:149,0
DA:151,0
DA:152,0
DA:153,0
DA:164,0
DA:165,0
DA:167,0
DA:168,0
DA:170,0
DA:172,0
DA:174,0
DA:175,0
DA:176,0
DA:177,0
DA:180,0
DA:184,0
DA:185,0
DA:191,0
DA:194,0
DA:198,0
DA:199,0
DA:204,0
DA:206,0
DA:207,0
DA:208,0
DA:209,0
DA:210,0
DA:213,0
DA:215,0
DA:216,0
DA:217,0
DA:219,0
DA:220,0
DA:222,0
DA:223,0
DA:224,0
DA:227,0
DA:228,0
DA:229,0
DA:230,0
DA:235,0
DA:236,0
DA:245,0
DA:246,0
DA:248,0
DA:249,0
DA:250,0
DA:253,0
DA:255,0
DA:256,0
DA:258,0
DA:260,0
DA:272,0
DA:275,0
DA:277,0
DA:279,0
DA:281,0
DA:283,0
DA:284,0
DA:285,0
DA:286,0
DA:288,0
DA:291,0
DA:292,0
DA:293,0
LF:137
LH:0
end_of_record
SF:lib\ui\styles\colors.dart
DA:3,0
DA:4,0
LF:2
LH:0
end_of_record
SF:lib\ui\styles\text_theme.dart
DA:4,0
LF:1
LH:0
end_of_record
