SF:lib\data\custom_exception.dart
DA:4,1
DA:6,0
DA:8,0
LF:3
LH:1
end_of_record
SF:lib\data\providers\restaurant_provider.dart
DA:9,3
DA:10,1
DA:13,1
DA:15,2
DA:16,5
DA:18,1
DA:19,2
DA:23,1
DA:24,2
DA:26,2
DA:29,2
DA:30,5
DA:32,1
DA:33,2
DA:38,2
DA:39,1
DA:40,1
DA:41,2
LF:18
LH:18
end_of_record
SF:lib\data\model\menu.dart
DA:13,0
DA:18,0
DA:20,0
LF:3
LH:0
end_of_record
SF:lib\data\model\menu.g.dart
DA:9,0
DA:10,0
DA:11,0
DA:12,0
DA:13,0
DA:14,0
DA:15,0
DA:16,0
DA:20,0
DA:21,0
DA:22,0
LF:11
LH:0
end_of_record
SF:lib\data\model\restaurant.dart
DA:20,1
DA:31,0
DA:32,0
DA:34,0
LF:4
LH:1
end_of_record
SF:lib\data\model\restaurant.g.dart
DA:9,0
DA:10,0
DA:11,0
DA:12,0
DA:13,0
DA:14,0
DA:15,0
DA:16,0
DA:17,0
DA:19,0
DA:20,0
DA:21,0
DA:22,0
DA:26,0
DA:27,0
DA:28,0
DA:29,0
DA:30,0
DA:31,0
DA:32,0
DA:33,0
DA:34,0
DA:36,0
LF:23
LH:0
end_of_record
SF:lib\data\model\review.dart
DA:11,0
DA:13,0
DA:15,0
LF:3
LH:0
end_of_record
SF:lib\data\model\review.g.dart
DA:9,0
DA:10,0
DA:11,0
DA:12,0
DA:13,0
DA:17,0
DA:18,0
DA:19,0
DA:20,0
LF:9
LH:0
end_of_record
SF:lib\data\repositories\restaurant_repository.dart
DA:10,0
DA:12,0
DA:13,0
DA:16,0
DA:18,0
DA:20,0
DA:21,0
DA:22,0
DA:26,0
DA:28,0
DA:29,0
DA:32,0
DA:34,0
DA:36,0
DA:37,0
DA:38,0
DA:42,0
DA:44,0
DA:45,0
DA:48,0
DA:50,0
DA:52,0
DA:53,0
DA:54,0
DA:58,0
DA:61,0
DA:65,0
DA:71,0
DA:72,0
DA:76,0
DA:77,0
DA:82,2
DA:83,1
LF:33
LH:2
end_of_record
SF:lib\data\model\drink.dart
DA:9,0
DA:11,0
DA:13,0
LF:3
LH:0
end_of_record
SF:lib\data\model\drink.g.dart
DA:9,0
DA:10,0
DA:11,0
DA:15,0
DA:16,0
LF:5
LH:0
end_of_record
SF:lib\data\model\food.dart
DA:9,0
DA:11,0
DA:13,0
LF:3
LH:0
end_of_record
SF:lib\data\model\food.g.dart
DA:9,0
DA:10,0
DA:11,0
DA:15,0
DA:16,0
LF:5
LH:0
end_of_record
